<?xml version="1.0" encoding="UTF-8"?>
<testng-results skipped="0" failed="0" ignored="0" total="1" passed="1">
  <reporter-output>
  </reporter-output>
  <suite name="Default suite" duration-ms="25781" started-at="2018-04-29T02:00:52Z" finished-at="2018-04-29T02:01:18Z">
    <groups>
    </groups>
    <test name="Default test" duration-ms="25781" started-at="2018-04-29T02:00:52Z" finished-at="2018-04-29T02:01:18Z">
      <class name="SimpleLoginTest.FbLogIn">
        <test-method status="PASS" signature="setup()[pri:0, instance:SimpleLoginTest.FbLogIn@c038203]" name="setup" is-config="true" duration-ms="10355" started-at="2018-04-29T02:00:52Z" finished-at="2018-04-29T02:01:02Z">
          <reporter-output>
          </reporter-output>
        </test-method> <!-- setup -->
        <test-method status="PASS" signature="Gm1()[pri:0, instance:SimpleLoginTest.FbLogIn@c038203]" name="Gm1" duration-ms="14072" started-at="2018-04-29T02:01:02Z" finished-at="2018-04-29T02:01:16Z">
          <reporter-output>
          </reporter-output>
        </test-method> <!-- Gm1 -->
        <test-method status="PASS" signature="teardoen()[pri:0, instance:SimpleLoginTest.FbLogIn@c038203]" name="teardoen" is-config="true" duration-ms="1272" started-at="2018-04-29T02:01:16Z" finished-at="2018-04-29T02:01:18Z">
          <reporter-output>
          </reporter-output>
        </test-method> <!-- teardoen -->
      </class> <!-- SimpleLoginTest.FbLogIn -->
    </test> <!-- Default test -->
  </suite> <!-- Default suite -->
</testng-results>
